Determining if the pthread_create exist failed with the following output:
Change Dir: /home/careymcmanus/Documents/Udacity/RoboticsSoftwareEngineering/BuildMyWorldProject/build/CMakeFiles/CMakeTmp

Run Build Command:"/usr/bin/make" "cmTC_899fd/fast"
/usr/bin/make -f CMakeFiles/cmTC_899fd.dir/build.make CMakeFiles/cmTC_899fd.dir/build
make[1]: Entering directory '/home/careymcmanus/Documents/Udacity/RoboticsSoftwareEngineering/BuildMyWorldProject/build/CMakeFiles/CMakeTmp'
Building C object CMakeFiles/cmTC_899fd.dir/CheckSymbolExists.c.o
/usr/bin/cc    -o CMakeFiles/cmTC_899fd.dir/CheckSymbolExists.c.o   -c /home/careymcmanus/Documents/Udacity/RoboticsSoftwareEngineering/BuildMyWorldProject/build/CMakeFiles/CMakeTmp/CheckSymbolExists.c
Linking C executable cmTC_899fd
/usr/bin/cmake -E cmake_link_script CMakeFiles/cmTC_899fd.dir/link.txt --verbose=1
/usr/bin/cc      -rdynamic CMakeFiles/cmTC_899fd.dir/CheckSymbolExists.c.o  -o cmTC_899fd 
CMakeFiles/cmTC_899fd.dir/CheckSymbolExists.c.o: In function `main':
CheckSymbolExists.c:(.text+0x1b): undefined reference to `pthread_create'
collect2: error: ld returned 1 exit status
CMakeFiles/cmTC_899fd.dir/build.make:97: recipe for target 'cmTC_899fd' failed
make[1]: *** [cmTC_899fd] Error 1
make[1]: Leaving directory '/home/careymcmanus/Documents/Udacity/RoboticsSoftwareEngineering/BuildMyWorldProject/build/CMakeFiles/CMakeTmp'
Makefile:126: recipe for target 'cmTC_899fd/fast' failed
make: *** [cmTC_899fd/fast] Error 2

File /home/careymcmanus/Documents/Udacity/RoboticsSoftwareEngineering/BuildMyWorldProject/build/CMakeFiles/CMakeTmp/CheckSymbolExists.c:
/* */
#include <pthread.h>

int main(int argc, char** argv)
{
  (void)argv;
#ifndef pthread_create
  return ((int*)(&pthread_create))[argc];
#else
  (void)argc;
  return 0;
#endif
}

Determining if the function pthread_create exists in the pthreads failed with the following output:
Change Dir: /home/careymcmanus/Documents/Udacity/RoboticsSoftwareEngineering/BuildMyWorldProject/build/CMakeFiles/CMakeTmp

Run Build Command:"/usr/bin/make" "cmTC_c3c4f/fast"
/usr/bin/make -f CMakeFiles/cmTC_c3c4f.dir/build.make CMakeFiles/cmTC_c3c4f.dir/build
make[1]: Entering directory '/home/careymcmanus/Documents/Udacity/RoboticsSoftwareEngineering/BuildMyWorldProject/build/CMakeFiles/CMakeTmp'
Building C object CMakeFiles/cmTC_c3c4f.dir/CheckFunctionExists.c.o
/usr/bin/cc   -DCHECK_FUNCTION_EXISTS=pthread_create   -o CMakeFiles/cmTC_c3c4f.dir/CheckFunctionExists.c.o   -c /usr/share/cmake-3.10/Modules/CheckFunctionExists.c
Linking C executable cmTC_c3c4f
/usr/bin/cmake -E cmake_link_script CMakeFiles/cmTC_c3c4f.dir/link.txt --verbose=1
/usr/bin/cc  -DCHECK_FUNCTION_EXISTS=pthread_create    -rdynamic CMakeFiles/cmTC_c3c4f.dir/CheckFunctionExists.c.o  -o cmTC_c3c4f -lpthreads 
/usr/bin/ld: cannot find -lpthreads
collect2: error: ld returned 1 exit status
CMakeFiles/cmTC_c3c4f.dir/build.make:97: recipe for target 'cmTC_c3c4f' failed
make[1]: *** [cmTC_c3c4f] Error 1
make[1]: Leaving directory '/home/careymcmanus/Documents/Udacity/RoboticsSoftwareEngineering/BuildMyWorldProject/build/CMakeFiles/CMakeTmp'
Makefile:126: recipe for target 'cmTC_c3c4f/fast' failed
make: *** [cmTC_c3c4f/fast] Error 2


